<?xml version="1.0" encoding="UTF-8"?>
<testsuite xmlns:xsi="http://www.w3.org/2001/XMLSchema-instance" xsi:noNamespaceSchemaLocation="https://maven.apache.org/surefire/maven-surefire-plugin/xsd/surefire-test-report-3.0.xsd" version="3.0" name="br.com.rsfot.AgentMindTest" time="0.015" tests="1" errors="0" skipped="0" failures="0">
  <properties>
    <property name="java.specification.version" value="21"/>
    <property name="sun.jnu.encoding" value="UTF-8"/>
    <property name="java.class.path" value="/home/rui/Desktop/TCC/app/cst-nn/target/test-classes:/home/rui/Desktop/TCC/app/cst-nn/target/classes:/home/rui/.m2/repository/junit/junit/3.8.1/junit-3.8.1.jar:/home/rui/.m2/repository/br/unicamp/cst/1.4.0/cst-1.4.0.jar:/home/rui/.m2/repository/br/unicamp/meca/0.6.0/meca-0.6.0.jar:/home/rui/.m2/repository/org/json/json/20240303/json-20240303.jar:/home/rui/.m2/repository/com/fasterxml/jackson/core/jackson-databind/2.17.1/jackson-databind-2.17.1.jar:/home/rui/.m2/repository/com/fasterxml/jackson/core/jackson-annotations/2.17.1/jackson-annotations-2.17.1.jar:/home/rui/.m2/repository/com/fasterxml/jackson/core/jackson-core/2.17.1/jackson-core-2.17.1.jar:/home/rui/.m2/repository/org/deeplearning4j/deeplearning4j-core/1.0.0-M1/deeplearning4j-core-1.0.0-M1.jar:/home/rui/.m2/repository/org/deeplearning4j/deeplearning4j-datasets/1.0.0-M1/deeplearning4j-datasets-1.0.0-M1.jar:/home/rui/.m2/repository/org/deeplearning4j/deeplearning4j-common/1.0.0-M1/deeplearning4j-common-1.0.0-M1.jar:/home/rui/.m2/repository/org/deeplearning4j/deeplearning4j-datavec-iterators/1.0.0-M1/deeplearning4j-datavec-iterators-1.0.0-M1.jar:/home/rui/.m2/repository/org/deeplearning4j/deeplearning4j-modelimport/1.0.0-M1/deeplearning4j-modelimport-1.0.0-M1.jar:/home/rui/.m2/repository/org/bytedeco/javacpp/1.5.5/javacpp-1.5.5.jar:/home/rui/.m2/repository/org/bytedeco/hdf5-platform/1.12.0-1.5.5/hdf5-platform-1.12.0-1.5.5.jar:/home/rui/.m2/repository/org/bytedeco/hdf5/1.12.0-1.5.5/hdf5-1.12.0-1.5.5.jar:/home/rui/.m2/repository/org/bytedeco/hdf5/1.12.0-1.5.5/hdf5-1.12.0-1.5.5-linux-x86.jar:/home/rui/.m2/repository/org/bytedeco/hdf5/1.12.0-1.5.5/hdf5-1.12.0-1.5.5-linux-x86_64.jar:/home/rui/.m2/repository/org/bytedeco/hdf5/1.12.0-1.5.5/hdf5-1.12.0-1.5.5-linux-armhf.jar:/home/rui/.m2/repository/org/bytedeco/hdf5/1.12.0-1.5.5/hdf5-1.12.0-1.5.5-linux-arm64.jar:/home/rui/.m2/repository/org/bytedeco/hdf5/1.12.0-1.5.5/hdf5-1.12.0-1.5.5-linux-ppc64le.jar:/home/rui/.m2/repository/org/bytedeco/hdf5/1.12.0-1.5.5/hdf5-1.12.0-1.5.5-macosx-x86_64.jar:/home/rui/.m2/repository/org/bytedeco/hdf5/1.12.0-1.5.5/hdf5-1.12.0-1.5.5-windows-x86.jar:/home/rui/.m2/repository/org/bytedeco/hdf5/1.12.0-1.5.5/hdf5-1.12.0-1.5.5-windows-x86_64.jar:/home/rui/.m2/repository/org/slf4j/slf4j-api/1.7.21/slf4j-api-1.7.21.jar:/home/rui/.m2/repository/org/deeplearning4j/deeplearning4j-nn/1.0.0-M1/deeplearning4j-nn-1.0.0-M1.jar:/home/rui/.m2/repository/org/deeplearning4j/deeplearning4j-utility-iterators/1.0.0-M1/deeplearning4j-utility-iterators-1.0.0-M1.jar:/home/rui/.m2/repository/org/lucee/oswego-concurrent/1.3.4/oswego-concurrent-1.3.4.jar:/home/rui/.m2/repository/org/nd4j/nd4j-native-api/1.0.0-M1/nd4j-native-api-1.0.0-M1.jar:/home/rui/.m2/repository/org/nd4j/nd4j-common/1.0.0-M1/nd4j-common-1.0.0-M1.jar:/home/rui/.m2/repository/org/nd4j/guava/1.0.0-M1/guava-1.0.0-M1.jar:/home/rui/.m2/repository/it/unimi/dsi/fastutil/6.5.7/fastutil-6.5.7.jar:/home/rui/.m2/repository/org/apache/commons/commons-math3/3.5/commons-math3-3.5.jar:/home/rui/.m2/repository/commons-io/commons-io/2.5/commons-io-2.5.jar:/home/rui/.m2/repository/org/apache/commons/commons-compress/1.18/commons-compress-1.18.jar:/home/rui/.m2/repository/org/nd4j/nd4j-api/1.0.0-M1/nd4j-api-1.0.0-M1.jar:/home/rui/.m2/repository/com/jakewharton/byteunits/byteunits/0.9.1/byteunits-0.9.1.jar:/home/rui/.m2/repository/org/apache/commons/commons-collections4/4.1/commons-collections4-4.1.jar:/home/rui/.m2/repository/com/google/flatbuffers/flatbuffers-java/1.10.0/flatbuffers-java-1.10.0.jar:/home/rui/.m2/repository/org/nd4j/protobuf/1.0.0-M1/protobuf-1.0.0-M1.jar:/home/rui/.m2/repository/commons-net/commons-net/3.1/commons-net-3.1.jar:/home/rui/.m2/repository/net/ericaro/neoitertools/1.0.0/neoitertools-1.0.0.jar:/home/rui/.m2/repository/org/apache/commons/commons-lang3/3.6/commons-lang3-3.6.jar:/home/rui/.m2/repository/org/nd4j/jackson/1.0.0-M1/jackson-1.0.0-M1.jar:/home/rui/.m2/repository/org/datavec/datavec-api/1.0.0-M1/datavec-api-1.0.0-M1.jar:/home/rui/.m2/repository/commons-codec/commons-codec/1.10/commons-codec-1.10.jar:/home/rui/.m2/repository/joda-time/joda-time/2.2/joda-time-2.2.jar:/home/rui/.m2/repository/org/freemarker/freemarker/2.3.23/freemarker-2.3.23.jar:/home/rui/.m2/repository/com/clearspring/analytics/stream/2.9.8/stream-2.9.8.jar:/home/rui/.m2/repository/net/sf/opencsv/opencsv/2.3/opencsv-2.3.jar:/home/rui/.m2/repository/com/tdunning/t-digest/3.2/t-digest-3.2.jar:/home/rui/.m2/repository/org/datavec/datavec-data-image/1.0.0-M1/datavec-data-image-1.0.0-M1.jar:/home/rui/.m2/repository/com/github/jai-imageio/jai-imageio-core/1.3.0/jai-imageio-core-1.3.0.jar:/home/rui/.m2/repository/com/twelvemonkeys/imageio/imageio-jpeg/3.1.1/imageio-jpeg-3.1.1.jar:/home/rui/.m2/repository/com/twelvemonkeys/imageio/imageio-core/3.1.1/imageio-core-3.1.1.jar:/home/rui/.m2/repository/com/twelvemonkeys/imageio/imageio-metadata/3.1.1/imageio-metadata-3.1.1.jar:/home/rui/.m2/repository/com/twelvemonkeys/common/common-lang/3.1.1/common-lang-3.1.1.jar:/home/rui/.m2/repository/com/twelvemonkeys/common/common-io/3.1.1/common-io-3.1.1.jar:/home/rui/.m2/repository/com/twelvemonkeys/common/common-image/3.1.1/common-image-3.1.1.jar:/home/rui/.m2/repository/com/twelvemonkeys/imageio/imageio-tiff/3.1.1/imageio-tiff-3.1.1.jar:/home/rui/.m2/repository/com/twelvemonkeys/imageio/imageio-psd/3.1.1/imageio-psd-3.1.1.jar:/home/rui/.m2/repository/com/twelvemonkeys/imageio/imageio-bmp/3.1.1/imageio-bmp-3.1.1.jar:/home/rui/.m2/repository/org/bytedeco/javacv/1.5.5/javacv-1.5.5.jar:/home/rui/.m2/repository/org/bytedeco/opencv/4.5.1-1.5.5/opencv-4.5.1-1.5.5.jar:/home/rui/.m2/repository/org/bytedeco/ffmpeg/4.3.2-1.5.5/ffmpeg-4.3.2-1.5.5.jar:/home/rui/.m2/repository/org/bytedeco/flycapture/2.13.3.31-1.5.5/flycapture-2.13.3.31-1.5.5.jar:/home/rui/.m2/repository/org/bytedeco/libdc1394/2.2.6-1.5.5/libdc1394-2.2.6-1.5.5.jar:/home/rui/.m2/repository/org/bytedeco/libfreenect/0.5.7-1.5.5/libfreenect-0.5.7-1.5.5.jar:/home/rui/.m2/repository/org/bytedeco/libfreenect2/0.2.0-1.5.5/libfreenect2-0.2.0-1.5.5.jar:/home/rui/.m2/repository/org/bytedeco/librealsense/1.12.4-1.5.5/librealsense-1.12.4-1.5.5.jar:/home/rui/.m2/repository/org/bytedeco/librealsense2/2.40.0-1.5.5/librealsense2-2.40.0-1.5.5.jar:/home/rui/.m2/repository/org/bytedeco/videoinput/0.200-1.5.5/videoinput-0.200-1.5.5.jar:/home/rui/.m2/repository/org/bytedeco/artoolkitplus/2.3.1-1.5.5/artoolkitplus-2.3.1-1.5.5.jar:/home/rui/.m2/repository/org/bytedeco/flandmark/1.07-1.5.5/flandmark-1.07-1.5.5.jar:/home/rui/.m2/repository/org/bytedeco/leptonica/1.80.0-1.5.5/leptonica-1.80.0-1.5.5.jar:/home/rui/.m2/repository/org/bytedeco/tesseract/4.1.1-1.5.5/tesseract-4.1.1-1.5.5.jar:/home/rui/.m2/repository/org/bytedeco/opencv-platform/4.5.1-1.5.5/opencv-platform-4.5.1-1.5.5.jar:/home/rui/.m2/repository/org/bytedeco/opencv/4.5.1-1.5.5/opencv-4.5.1-1.5.5-android-arm.jar:/home/rui/.m2/repository/org/bytedeco/opencv/4.5.1-1.5.5/opencv-4.5.1-1.5.5-android-arm64.jar:/home/rui/.m2/repository/org/bytedeco/opencv/4.5.1-1.5.5/opencv-4.5.1-1.5.5-android-x86.jar:/home/rui/.m2/repository/org/bytedeco/opencv/4.5.1-1.5.5/opencv-4.5.1-1.5.5-android-x86_64.jar:/home/rui/.m2/repository/org/bytedeco/opencv/4.5.1-1.5.5/opencv-4.5.1-1.5.5-ios-arm64.jar:/home/rui/.m2/repository/org/bytedeco/opencv/4.5.1-1.5.5/opencv-4.5.1-1.5.5-ios-x86_64.jar:/home/rui/.m2/repository/org/bytedeco/opencv/4.5.1-1.5.5/opencv-4.5.1-1.5.5-linux-x86.jar:/home/rui/.m2/repository/org/bytedeco/opencv/4.5.1-1.5.5/opencv-4.5.1-1.5.5-linux-x86_64.jar:/home/rui/.m2/repository/org/bytedeco/opencv/4.5.1-1.5.5/opencv-4.5.1-1.5.5-linux-armhf.jar:/home/rui/.m2/repository/org/bytedeco/opencv/4.5.1-1.5.5/opencv-4.5.1-1.5.5-linux-arm64.jar:/home/rui/.m2/repository/org/bytedeco/opencv/4.5.1-1.5.5/opencv-4.5.1-1.5.5-linux-ppc64le.jar:/home/rui/.m2/repository/org/bytedeco/opencv/4.5.1-1.5.5/opencv-4.5.1-1.5.5-macosx-x86_64.jar:/home/rui/.m2/repository/org/bytedeco/opencv/4.5.1-1.5.5/opencv-4.5.1-1.5.5-windows-x86.jar:/home/rui/.m2/repository/org/bytedeco/opencv/4.5.1-1.5.5/opencv-4.5.1-1.5.5-windows-x86_64.jar:/home/rui/.m2/repository/org/bytedeco/leptonica-platform/1.80.0-1.5.5/leptonica-platform-1.80.0-1.5.5.jar:/home/rui/.m2/repository/org/bytedeco/leptonica/1.80.0-1.5.5/leptonica-1.80.0-1.5.5-android-arm.jar:/home/rui/.m2/repository/org/bytedeco/leptonica/1.80.0-1.5.5/leptonica-1.80.0-1.5.5-android-arm64.jar:/home/rui/.m2/repository/org/bytedeco/leptonica/1.80.0-1.5.5/leptonica-1.80.0-1.5.5-android-x86.jar:/home/rui/.m2/repository/org/bytedeco/leptonica/1.80.0-1.5.5/leptonica-1.80.0-1.5.5-android-x86_64.jar:/home/rui/.m2/repository/org/bytedeco/leptonica/1.80.0-1.5.5/leptonica-1.80.0-1.5.5-linux-x86.jar:/home/rui/.m2/repository/org/bytedeco/leptonica/1.80.0-1.5.5/leptonica-1.80.0-1.5.5-linux-x86_64.jar:/home/rui/.m2/repository/org/bytedeco/leptonica/1.80.0-1.5.5/leptonica-1.80.0-1.5.5-linux-armhf.jar:/home/rui/.m2/repository/org/bytedeco/leptonica/1.80.0-1.5.5/leptonica-1.80.0-1.5.5-linux-arm64.jar:/home/rui/.m2/repository/org/bytedeco/leptonica/1.80.0-1.5.5/leptonica-1.80.0-1.5.5-linux-ppc64le.jar:/home/rui/.m2/repository/org/bytedeco/leptonica/1.80.0-1.5.5/leptonica-1.80.0-1.5.5-macosx-x86_64.jar:/home/rui/.m2/repository/org/bytedeco/leptonica/1.80.0-1.5.5/leptonica-1.80.0-1.5.5-windows-x86.jar:/home/rui/.m2/repository/org/bytedeco/leptonica/1.80.0-1.5.5/leptonica-1.80.0-1.5.5-windows-x86_64.jar:/home/rui/.m2/repository/org/bytedeco/ffmpeg-platform/4.3.2-1.5.5/ffmpeg-platform-4.3.2-1.5.5.jar:/home/rui/.m2/repository/org/bytedeco/ffmpeg/4.3.2-1.5.5/ffmpeg-4.3.2-1.5.5-android-arm.jar:/home/rui/.m2/repository/org/bytedeco/ffmpeg/4.3.2-1.5.5/ffmpeg-4.3.2-1.5.5-android-arm64.jar:/home/rui/.m2/repository/org/bytedeco/ffmpeg/4.3.2-1.5.5/ffmpeg-4.3.2-1.5.5-android-x86.jar:/home/rui/.m2/repository/org/bytedeco/ffmpeg/4.3.2-1.5.5/ffmpeg-4.3.2-1.5.5-android-x86_64.jar:/home/rui/.m2/repository/org/bytedeco/ffmpeg/4.3.2-1.5.5/ffmpeg-4.3.2-1.5.5-linux-x86.jar:/home/rui/.m2/repository/org/bytedeco/ffmpeg/4.3.2-1.5.5/ffmpeg-4.3.2-1.5.5-linux-x86_64.jar:/home/rui/.m2/repository/org/bytedeco/ffmpeg/4.3.2-1.5.5/ffmpeg-4.3.2-1.5.5-linux-armhf.jar:/home/rui/.m2/repository/org/bytedeco/ffmpeg/4.3.2-1.5.5/ffmpeg-4.3.2-1.5.5-linux-arm64.jar:/home/rui/.m2/repository/org/bytedeco/ffmpeg/4.3.2-1.5.5/ffmpeg-4.3.2-1.5.5-linux-ppc64le.jar:/home/rui/.m2/repository/org/bytedeco/ffmpeg/4.3.2-1.5.5/ffmpeg-4.3.2-1.5.5-macosx-x86_64.jar:/home/rui/.m2/repository/org/bytedeco/ffmpeg/4.3.2-1.5.5/ffmpeg-4.3.2-1.5.5-windows-x86.jar:/home/rui/.m2/repository/org/bytedeco/ffmpeg/4.3.2-1.5.5/ffmpeg-4.3.2-1.5.5-windows-x86_64.jar:/home/rui/.m2/repository/org/deeplearning4j/deeplearning4j-ui-components/1.0.0-M1/deeplearning4j-ui-components-1.0.0-M1.jar:/home/rui/.m2/repository/com/github/oshi/oshi-json/3.4.2/oshi-json-3.4.2.jar:/home/rui/.m2/repository/org/glassfish/javax.json/1.0.4/javax.json-1.0.4.jar:/home/rui/.m2/repository/com/github/oshi/oshi-core/3.4.2/oshi-core-3.4.2.jar:/home/rui/.m2/repository/net/java/dev/jna/jna-platform/4.3.0/jna-platform-4.3.0.jar:/home/rui/.m2/repository/net/java/dev/jna/jna/4.3.0/jna-4.3.0.jar:/home/rui/.m2/repository/org/threeten/threetenbp/1.3.3/threetenbp-1.3.3.jar:/home/rui/.m2/repository/org/nd4j/nd4j-native-platform/1.0.0-M1/nd4j-native-platform-1.0.0-M1.jar:/home/rui/.m2/repository/org/bytedeco/openblas-platform/0.3.13-1.5.5/openblas-platform-0.3.13-1.5.5.jar:/home/rui/.m2/repository/org/bytedeco/javacpp-platform/1.5.5/javacpp-platform-1.5.5.jar:/home/rui/.m2/repository/org/bytedeco/javacpp/1.5.5/javacpp-1.5.5-android-arm.jar:/home/rui/.m2/repository/org/bytedeco/javacpp/1.5.5/javacpp-1.5.5-android-arm64.jar:/home/rui/.m2/repository/org/bytedeco/javacpp/1.5.5/javacpp-1.5.5-android-x86.jar:/home/rui/.m2/repository/org/bytedeco/javacpp/1.5.5/javacpp-1.5.5-android-x86_64.jar:/home/rui/.m2/repository/org/bytedeco/javacpp/1.5.5/javacpp-1.5.5-ios-arm64.jar:/home/rui/.m2/repository/org/bytedeco/javacpp/1.5.5/javacpp-1.5.5-ios-x86_64.jar:/home/rui/.m2/repository/org/bytedeco/javacpp/1.5.5/javacpp-1.5.5-linux-armhf.jar:/home/rui/.m2/repository/org/bytedeco/javacpp/1.5.5/javacpp-1.5.5-linux-arm64.jar:/home/rui/.m2/repository/org/bytedeco/javacpp/1.5.5/javacpp-1.5.5-linux-ppc64le.jar:/home/rui/.m2/repository/org/bytedeco/javacpp/1.5.5/javacpp-1.5.5-linux-x86.jar:/home/rui/.m2/repository/org/bytedeco/javacpp/1.5.5/javacpp-1.5.5-macosx-arm64.jar:/home/rui/.m2/repository/org/bytedeco/javacpp/1.5.5/javacpp-1.5.5-macosx-x86_64.jar:/home/rui/.m2/repository/org/bytedeco/javacpp/1.5.5/javacpp-1.5.5-windows-x86.jar:/home/rui/.m2/repository/org/bytedeco/javacpp/1.5.5/javacpp-1.5.5-windows-x86_64.jar:/home/rui/.m2/repository/org/bytedeco/openblas/0.3.13-1.5.5/openblas-0.3.13-1.5.5.jar:/home/rui/.m2/repository/org/bytedeco/openblas/0.3.13-1.5.5/openblas-0.3.13-1.5.5-android-arm.jar:/home/rui/.m2/repository/org/bytedeco/openblas/0.3.13-1.5.5/openblas-0.3.13-1.5.5-android-arm64.jar:/home/rui/.m2/repository/org/bytedeco/openblas/0.3.13-1.5.5/openblas-0.3.13-1.5.5-android-x86.jar:/home/rui/.m2/repository/org/bytedeco/openblas/0.3.13-1.5.5/openblas-0.3.13-1.5.5-android-x86_64.jar:/home/rui/.m2/repository/org/bytedeco/openblas/0.3.13-1.5.5/openblas-0.3.13-1.5.5-ios-arm64.jar:/home/rui/.m2/repository/org/bytedeco/openblas/0.3.13-1.5.5/openblas-0.3.13-1.5.5-ios-x86_64.jar:/home/rui/.m2/repository/org/bytedeco/openblas/0.3.13-1.5.5/openblas-0.3.13-1.5.5-linux-x86.jar:/home/rui/.m2/repository/org/bytedeco/openblas/0.3.13-1.5.5/openblas-0.3.13-1.5.5-linux-x86_64.jar:/home/rui/.m2/repository/org/bytedeco/openblas/0.3.13-1.5.5/openblas-0.3.13-1.5.5-linux-armhf.jar:/home/rui/.m2/repository/org/bytedeco/openblas/0.3.13-1.5.5/openblas-0.3.13-1.5.5-linux-arm64.jar:/home/rui/.m2/repository/org/bytedeco/openblas/0.3.13-1.5.5/openblas-0.3.13-1.5.5-linux-ppc64le.jar:/home/rui/.m2/repository/org/bytedeco/openblas/0.3.13-1.5.5/openblas-0.3.13-1.5.5-macosx-x86_64.jar:/home/rui/.m2/repository/org/bytedeco/openblas/0.3.13-1.5.5/openblas-0.3.13-1.5.5-windows-x86.jar:/home/rui/.m2/repository/org/bytedeco/openblas/0.3.13-1.5.5/openblas-0.3.13-1.5.5-windows-x86_64.jar:/home/rui/.m2/repository/org/bytedeco/mkl-platform/2021.1-1.5.5/mkl-platform-2021.1-1.5.5.jar:/home/rui/.m2/repository/org/bytedeco/mkl/2021.1-1.5.5/mkl-2021.1-1.5.5.jar:/home/rui/.m2/repository/org/bytedeco/mkl/2021.1-1.5.5/mkl-2021.1-1.5.5-linux-x86.jar:/home/rui/.m2/repository/org/bytedeco/mkl/2021.1-1.5.5/mkl-2021.1-1.5.5-linux-x86_64.jar:/home/rui/.m2/repository/org/bytedeco/mkl/2021.1-1.5.5/mkl-2021.1-1.5.5-macosx-x86_64.jar:/home/rui/.m2/repository/org/bytedeco/mkl/2021.1-1.5.5/mkl-2021.1-1.5.5-windows-x86.jar:/home/rui/.m2/repository/org/bytedeco/mkl/2021.1-1.5.5/mkl-2021.1-1.5.5-windows-x86_64.jar:/home/rui/.m2/repository/org/nd4j/nd4j-native/1.0.0-M1/nd4j-native-1.0.0-M1.jar:/home/rui/.m2/repository/org/bytedeco/javacpp/1.5.5/javacpp-1.5.5-linux-x86_64.jar:/home/rui/.m2/repository/org/nd4j/nd4j-native-preset/1.0.0-M1/nd4j-native-preset-1.0.0-M1.jar:/home/rui/.m2/repository/org/nd4j/nd4j-native-preset/1.0.0-M1/nd4j-native-preset-1.0.0-M1-linux-x86_64.jar:/home/rui/.m2/repository/org/nd4j/nd4j-native/1.0.0-M1/nd4j-native-1.0.0-M1-android-arm.jar:/home/rui/.m2/repository/org/nd4j/nd4j-native/1.0.0-M1/nd4j-native-1.0.0-M1-android-arm64.jar:/home/rui/.m2/repository/org/nd4j/nd4j-native/1.0.0-M1/nd4j-native-1.0.0-M1-android-x86.jar:/home/rui/.m2/repository/org/nd4j/nd4j-native/1.0.0-M1/nd4j-native-1.0.0-M1-android-x86_64.jar:/home/rui/.m2/repository/org/nd4j/nd4j-native/1.0.0-M1/nd4j-native-1.0.0-M1-linux-x86_64.jar:/home/rui/.m2/repository/org/nd4j/nd4j-native/1.0.0-M1/nd4j-native-1.0.0-M1-macosx-x86_64.jar:/home/rui/.m2/repository/org/nd4j/nd4j-native/1.0.0-M1/nd4j-native-1.0.0-M1-windows-x86_64.jar:/home/rui/.m2/repository/org/nd4j/nd4j-native/1.0.0-M1/nd4j-native-1.0.0-M1-linux-armhf.jar:/home/rui/.m2/repository/ch/qos/logback/logback-classic/1.4.5/logback-classic-1.4.5.jar:/home/rui/.m2/repository/ch/qos/logback/logback-core/1.4.5/logback-core-1.4.5.jar:/home/rui/.m2/repository/com/google/code/gson/gson/2.10.1/gson-2.10.1.jar:/home/rui/.m2/repository/org/slf4j/slf4j-simple/1.7.32/slf4j-simple-1.7.32.jar:"/>
    <property name="java.vm.vendor" value="Amazon.com Inc."/>
    <property name="sun.arch.data.model" value="64"/>
    <property name="java.vendor.url" value="https://aws.amazon.com/corretto/"/>
    <property name="os.name" value="Linux"/>
    <property name="java.vm.specification.version" value="21"/>
    <property name="sun.java.launcher" value="SUN_STANDARD"/>
    <property name="user.country" value="US"/>
    <property name="sun.boot.library.path" value="/home/rui/.sdkman/candidates/java/21.0.4-amzn/lib"/>
    <property name="sun.java.command" value="/home/rui/Desktop/TCC/app/cst-nn/target/surefire/surefirebooter-20241009202215389_3.jar /home/rui/Desktop/TCC/app/cst-nn/target/surefire 2024-10-09T20-22-15_347-jvmRun1 surefire-20241009202215389_1tmp surefire_0-20241009202215389_2tmp"/>
    <property name="jdk.debug" value="release"/>
    <property name="surefire.test.class.path" value="/home/rui/Desktop/TCC/app/cst-nn/target/test-classes:/home/rui/Desktop/TCC/app/cst-nn/target/classes:/home/rui/.m2/repository/junit/junit/3.8.1/junit-3.8.1.jar:/home/rui/.m2/repository/br/unicamp/cst/1.4.0/cst-1.4.0.jar:/home/rui/.m2/repository/br/unicamp/meca/0.6.0/meca-0.6.0.jar:/home/rui/.m2/repository/org/json/json/20240303/json-20240303.jar:/home/rui/.m2/repository/com/fasterxml/jackson/core/jackson-databind/2.17.1/jackson-databind-2.17.1.jar:/home/rui/.m2/repository/com/fasterxml/jackson/core/jackson-annotations/2.17.1/jackson-annotations-2.17.1.jar:/home/rui/.m2/repository/com/fasterxml/jackson/core/jackson-core/2.17.1/jackson-core-2.17.1.jar:/home/rui/.m2/repository/org/deeplearning4j/deeplearning4j-core/1.0.0-M1/deeplearning4j-core-1.0.0-M1.jar:/home/rui/.m2/repository/org/deeplearning4j/deeplearning4j-datasets/1.0.0-M1/deeplearning4j-datasets-1.0.0-M1.jar:/home/rui/.m2/repository/org/deeplearning4j/deeplearning4j-common/1.0.0-M1/deeplearning4j-common-1.0.0-M1.jar:/home/rui/.m2/repository/org/deeplearning4j/deeplearning4j-datavec-iterators/1.0.0-M1/deeplearning4j-datavec-iterators-1.0.0-M1.jar:/home/rui/.m2/repository/org/deeplearning4j/deeplearning4j-modelimport/1.0.0-M1/deeplearning4j-modelimport-1.0.0-M1.jar:/home/rui/.m2/repository/org/bytedeco/javacpp/1.5.5/javacpp-1.5.5.jar:/home/rui/.m2/repository/org/bytedeco/hdf5-platform/1.12.0-1.5.5/hdf5-platform-1.12.0-1.5.5.jar:/home/rui/.m2/repository/org/bytedeco/hdf5/1.12.0-1.5.5/hdf5-1.12.0-1.5.5.jar:/home/rui/.m2/repository/org/bytedeco/hdf5/1.12.0-1.5.5/hdf5-1.12.0-1.5.5-linux-x86.jar:/home/rui/.m2/repository/org/bytedeco/hdf5/1.12.0-1.5.5/hdf5-1.12.0-1.5.5-linux-x86_64.jar:/home/rui/.m2/repository/org/bytedeco/hdf5/1.12.0-1.5.5/hdf5-1.12.0-1.5.5-linux-armhf.jar:/home/rui/.m2/repository/org/bytedeco/hdf5/1.12.0-1.5.5/hdf5-1.12.0-1.5.5-linux-arm64.jar:/home/rui/.m2/repository/org/bytedeco/hdf5/1.12.0-1.5.5/hdf5-1.12.0-1.5.5-linux-ppc64le.jar:/home/rui/.m2/repository/org/bytedeco/hdf5/1.12.0-1.5.5/hdf5-1.12.0-1.5.5-macosx-x86_64.jar:/home/rui/.m2/repository/org/bytedeco/hdf5/1.12.0-1.5.5/hdf5-1.12.0-1.5.5-windows-x86.jar:/home/rui/.m2/repository/org/bytedeco/hdf5/1.12.0-1.5.5/hdf5-1.12.0-1.5.5-windows-x86_64.jar:/home/rui/.m2/repository/org/slf4j/slf4j-api/1.7.21/slf4j-api-1.7.21.jar:/home/rui/.m2/repository/org/deeplearning4j/deeplearning4j-nn/1.0.0-M1/deeplearning4j-nn-1.0.0-M1.jar:/home/rui/.m2/repository/org/deeplearning4j/deeplearning4j-utility-iterators/1.0.0-M1/deeplearning4j-utility-iterators-1.0.0-M1.jar:/home/rui/.m2/repository/org/lucee/oswego-concurrent/1.3.4/oswego-concurrent-1.3.4.jar:/home/rui/.m2/repository/org/nd4j/nd4j-native-api/1.0.0-M1/nd4j-native-api-1.0.0-M1.jar:/home/rui/.m2/repository/org/nd4j/nd4j-common/1.0.0-M1/nd4j-common-1.0.0-M1.jar:/home/rui/.m2/repository/org/nd4j/guava/1.0.0-M1/guava-1.0.0-M1.jar:/home/rui/.m2/repository/it/unimi/dsi/fastutil/6.5.7/fastutil-6.5.7.jar:/home/rui/.m2/repository/org/apache/commons/commons-math3/3.5/commons-math3-3.5.jar:/home/rui/.m2/repository/commons-io/commons-io/2.5/commons-io-2.5.jar:/home/rui/.m2/repository/org/apache/commons/commons-compress/1.18/commons-compress-1.18.jar:/home/rui/.m2/repository/org/nd4j/nd4j-api/1.0.0-M1/nd4j-api-1.0.0-M1.jar:/home/rui/.m2/repository/com/jakewharton/byteunits/byteunits/0.9.1/byteunits-0.9.1.jar:/home/rui/.m2/repository/org/apache/commons/commons-collections4/4.1/commons-collections4-4.1.jar:/home/rui/.m2/repository/com/google/flatbuffers/flatbuffers-java/1.10.0/flatbuffers-java-1.10.0.jar:/home/rui/.m2/repository/org/nd4j/protobuf/1.0.0-M1/protobuf-1.0.0-M1.jar:/home/rui/.m2/repository/commons-net/commons-net/3.1/commons-net-3.1.jar:/home/rui/.m2/repository/net/ericaro/neoitertools/1.0.0/neoitertools-1.0.0.jar:/home/rui/.m2/repository/org/apache/commons/commons-lang3/3.6/commons-lang3-3.6.jar:/home/rui/.m2/repository/org/nd4j/jackson/1.0.0-M1/jackson-1.0.0-M1.jar:/home/rui/.m2/repository/org/datavec/datavec-api/1.0.0-M1/datavec-api-1.0.0-M1.jar:/home/rui/.m2/repository/commons-codec/commons-codec/1.10/commons-codec-1.10.jar:/home/rui/.m2/repository/joda-time/joda-time/2.2/joda-time-2.2.jar:/home/rui/.m2/repository/org/freemarker/freemarker/2.3.23/freemarker-2.3.23.jar:/home/rui/.m2/repository/com/clearspring/analytics/stream/2.9.8/stream-2.9.8.jar:/home/rui/.m2/repository/net/sf/opencsv/opencsv/2.3/opencsv-2.3.jar:/home/rui/.m2/repository/com/tdunning/t-digest/3.2/t-digest-3.2.jar:/home/rui/.m2/repository/org/datavec/datavec-data-image/1.0.0-M1/datavec-data-image-1.0.0-M1.jar:/home/rui/.m2/repository/com/github/jai-imageio/jai-imageio-core/1.3.0/jai-imageio-core-1.3.0.jar:/home/rui/.m2/repository/com/twelvemonkeys/imageio/imageio-jpeg/3.1.1/imageio-jpeg-3.1.1.jar:/home/rui/.m2/repository/com/twelvemonkeys/imageio/imageio-core/3.1.1/imageio-core-3.1.1.jar:/home/rui/.m2/repository/com/twelvemonkeys/imageio/imageio-metadata/3.1.1/imageio-metadata-3.1.1.jar:/home/rui/.m2/repository/com/twelvemonkeys/common/common-lang/3.1.1/common-lang-3.1.1.jar:/home/rui/.m2/repository/com/twelvemonkeys/common/common-io/3.1.1/common-io-3.1.1.jar:/home/rui/.m2/repository/com/twelvemonkeys/common/common-image/3.1.1/common-image-3.1.1.jar:/home/rui/.m2/repository/com/twelvemonkeys/imageio/imageio-tiff/3.1.1/imageio-tiff-3.1.1.jar:/home/rui/.m2/repository/com/twelvemonkeys/imageio/imageio-psd/3.1.1/imageio-psd-3.1.1.jar:/home/rui/.m2/repository/com/twelvemonkeys/imageio/imageio-bmp/3.1.1/imageio-bmp-3.1.1.jar:/home/rui/.m2/repository/org/bytedeco/javacv/1.5.5/javacv-1.5.5.jar:/home/rui/.m2/repository/org/bytedeco/opencv/4.5.1-1.5.5/opencv-4.5.1-1.5.5.jar:/home/rui/.m2/repository/org/bytedeco/ffmpeg/4.3.2-1.5.5/ffmpeg-4.3.2-1.5.5.jar:/home/rui/.m2/repository/org/bytedeco/flycapture/2.13.3.31-1.5.5/flycapture-2.13.3.31-1.5.5.jar:/home/rui/.m2/repository/org/bytedeco/libdc1394/2.2.6-1.5.5/libdc1394-2.2.6-1.5.5.jar:/home/rui/.m2/repository/org/bytedeco/libfreenect/0.5.7-1.5.5/libfreenect-0.5.7-1.5.5.jar:/home/rui/.m2/repository/org/bytedeco/libfreenect2/0.2.0-1.5.5/libfreenect2-0.2.0-1.5.5.jar:/home/rui/.m2/repository/org/bytedeco/librealsense/1.12.4-1.5.5/librealsense-1.12.4-1.5.5.jar:/home/rui/.m2/repository/org/bytedeco/librealsense2/2.40.0-1.5.5/librealsense2-2.40.0-1.5.5.jar:/home/rui/.m2/repository/org/bytedeco/videoinput/0.200-1.5.5/videoinput-0.200-1.5.5.jar:/home/rui/.m2/repository/org/bytedeco/artoolkitplus/2.3.1-1.5.5/artoolkitplus-2.3.1-1.5.5.jar:/home/rui/.m2/repository/org/bytedeco/flandmark/1.07-1.5.5/flandmark-1.07-1.5.5.jar:/home/rui/.m2/repository/org/bytedeco/leptonica/1.80.0-1.5.5/leptonica-1.80.0-1.5.5.jar:/home/rui/.m2/repository/org/bytedeco/tesseract/4.1.1-1.5.5/tesseract-4.1.1-1.5.5.jar:/home/rui/.m2/repository/org/bytedeco/opencv-platform/4.5.1-1.5.5/opencv-platform-4.5.1-1.5.5.jar:/home/rui/.m2/repository/org/bytedeco/opencv/4.5.1-1.5.5/opencv-4.5.1-1.5.5-android-arm.jar:/home/rui/.m2/repository/org/bytedeco/opencv/4.5.1-1.5.5/opencv-4.5.1-1.5.5-android-arm64.jar:/home/rui/.m2/repository/org/bytedeco/opencv/4.5.1-1.5.5/opencv-4.5.1-1.5.5-android-x86.jar:/home/rui/.m2/repository/org/bytedeco/opencv/4.5.1-1.5.5/opencv-4.5.1-1.5.5-android-x86_64.jar:/home/rui/.m2/repository/org/bytedeco/opencv/4.5.1-1.5.5/opencv-4.5.1-1.5.5-ios-arm64.jar:/home/rui/.m2/repository/org/bytedeco/opencv/4.5.1-1.5.5/opencv-4.5.1-1.5.5-ios-x86_64.jar:/home/rui/.m2/repository/org/bytedeco/opencv/4.5.1-1.5.5/opencv-4.5.1-1.5.5-linux-x86.jar:/home/rui/.m2/repository/org/bytedeco/opencv/4.5.1-1.5.5/opencv-4.5.1-1.5.5-linux-x86_64.jar:/home/rui/.m2/repository/org/bytedeco/opencv/4.5.1-1.5.5/opencv-4.5.1-1.5.5-linux-armhf.jar:/home/rui/.m2/repository/org/bytedeco/opencv/4.5.1-1.5.5/opencv-4.5.1-1.5.5-linux-arm64.jar:/home/rui/.m2/repository/org/bytedeco/opencv/4.5.1-1.5.5/opencv-4.5.1-1.5.5-linux-ppc64le.jar:/home/rui/.m2/repository/org/bytedeco/opencv/4.5.1-1.5.5/opencv-4.5.1-1.5.5-macosx-x86_64.jar:/home/rui/.m2/repository/org/bytedeco/opencv/4.5.1-1.5.5/opencv-4.5.1-1.5.5-windows-x86.jar:/home/rui/.m2/repository/org/bytedeco/opencv/4.5.1-1.5.5/opencv-4.5.1-1.5.5-windows-x86_64.jar:/home/rui/.m2/repository/org/bytedeco/leptonica-platform/1.80.0-1.5.5/leptonica-platform-1.80.0-1.5.5.jar:/home/rui/.m2/repository/org/bytedeco/leptonica/1.80.0-1.5.5/leptonica-1.80.0-1.5.5-android-arm.jar:/home/rui/.m2/repository/org/bytedeco/leptonica/1.80.0-1.5.5/leptonica-1.80.0-1.5.5-android-arm64.jar:/home/rui/.m2/repository/org/bytedeco/leptonica/1.80.0-1.5.5/leptonica-1.80.0-1.5.5-android-x86.jar:/home/rui/.m2/repository/org/bytedeco/leptonica/1.80.0-1.5.5/leptonica-1.80.0-1.5.5-android-x86_64.jar:/home/rui/.m2/repository/org/bytedeco/leptonica/1.80.0-1.5.5/leptonica-1.80.0-1.5.5-linux-x86.jar:/home/rui/.m2/repository/org/bytedeco/leptonica/1.80.0-1.5.5/leptonica-1.80.0-1.5.5-linux-x86_64.jar:/home/rui/.m2/repository/org/bytedeco/leptonica/1.80.0-1.5.5/leptonica-1.80.0-1.5.5-linux-armhf.jar:/home/rui/.m2/repository/org/bytedeco/leptonica/1.80.0-1.5.5/leptonica-1.80.0-1.5.5-linux-arm64.jar:/home/rui/.m2/repository/org/bytedeco/leptonica/1.80.0-1.5.5/leptonica-1.80.0-1.5.5-linux-ppc64le.jar:/home/rui/.m2/repository/org/bytedeco/leptonica/1.80.0-1.5.5/leptonica-1.80.0-1.5.5-macosx-x86_64.jar:/home/rui/.m2/repository/org/bytedeco/leptonica/1.80.0-1.5.5/leptonica-1.80.0-1.5.5-windows-x86.jar:/home/rui/.m2/repository/org/bytedeco/leptonica/1.80.0-1.5.5/leptonica-1.80.0-1.5.5-windows-x86_64.jar:/home/rui/.m2/repository/org/bytedeco/ffmpeg-platform/4.3.2-1.5.5/ffmpeg-platform-4.3.2-1.5.5.jar:/home/rui/.m2/repository/org/bytedeco/ffmpeg/4.3.2-1.5.5/ffmpeg-4.3.2-1.5.5-android-arm.jar:/home/rui/.m2/repository/org/bytedeco/ffmpeg/4.3.2-1.5.5/ffmpeg-4.3.2-1.5.5-android-arm64.jar:/home/rui/.m2/repository/org/bytedeco/ffmpeg/4.3.2-1.5.5/ffmpeg-4.3.2-1.5.5-android-x86.jar:/home/rui/.m2/repository/org/bytedeco/ffmpeg/4.3.2-1.5.5/ffmpeg-4.3.2-1.5.5-android-x86_64.jar:/home/rui/.m2/repository/org/bytedeco/ffmpeg/4.3.2-1.5.5/ffmpeg-4.3.2-1.5.5-linux-x86.jar:/home/rui/.m2/repository/org/bytedeco/ffmpeg/4.3.2-1.5.5/ffmpeg-4.3.2-1.5.5-linux-x86_64.jar:/home/rui/.m2/repository/org/bytedeco/ffmpeg/4.3.2-1.5.5/ffmpeg-4.3.2-1.5.5-linux-armhf.jar:/home/rui/.m2/repository/org/bytedeco/ffmpeg/4.3.2-1.5.5/ffmpeg-4.3.2-1.5.5-linux-arm64.jar:/home/rui/.m2/repository/org/bytedeco/ffmpeg/4.3.2-1.5.5/ffmpeg-4.3.2-1.5.5-linux-ppc64le.jar:/home/rui/.m2/repository/org/bytedeco/ffmpeg/4.3.2-1.5.5/ffmpeg-4.3.2-1.5.5-macosx-x86_64.jar:/home/rui/.m2/repository/org/bytedeco/ffmpeg/4.3.2-1.5.5/ffmpeg-4.3.2-1.5.5-windows-x86.jar:/home/rui/.m2/repository/org/bytedeco/ffmpeg/4.3.2-1.5.5/ffmpeg-4.3.2-1.5.5-windows-x86_64.jar:/home/rui/.m2/repository/org/deeplearning4j/deeplearning4j-ui-components/1.0.0-M1/deeplearning4j-ui-components-1.0.0-M1.jar:/home/rui/.m2/repository/com/github/oshi/oshi-json/3.4.2/oshi-json-3.4.2.jar:/home/rui/.m2/repository/org/glassfish/javax.json/1.0.4/javax.json-1.0.4.jar:/home/rui/.m2/repository/com/github/oshi/oshi-core/3.4.2/oshi-core-3.4.2.jar:/home/rui/.m2/repository/net/java/dev/jna/jna-platform/4.3.0/jna-platform-4.3.0.jar:/home/rui/.m2/repository/net/java/dev/jna/jna/4.3.0/jna-4.3.0.jar:/home/rui/.m2/repository/org/threeten/threetenbp/1.3.3/threetenbp-1.3.3.jar:/home/rui/.m2/repository/org/nd4j/nd4j-native-platform/1.0.0-M1/nd4j-native-platform-1.0.0-M1.jar:/home/rui/.m2/repository/org/bytedeco/openblas-platform/0.3.13-1.5.5/openblas-platform-0.3.13-1.5.5.jar:/home/rui/.m2/repository/org/bytedeco/javacpp-platform/1.5.5/javacpp-platform-1.5.5.jar:/home/rui/.m2/repository/org/bytedeco/javacpp/1.5.5/javacpp-1.5.5-android-arm.jar:/home/rui/.m2/repository/org/bytedeco/javacpp/1.5.5/javacpp-1.5.5-android-arm64.jar:/home/rui/.m2/repository/org/bytedeco/javacpp/1.5.5/javacpp-1.5.5-android-x86.jar:/home/rui/.m2/repository/org/bytedeco/javacpp/1.5.5/javacpp-1.5.5-android-x86_64.jar:/home/rui/.m2/repository/org/bytedeco/javacpp/1.5.5/javacpp-1.5.5-ios-arm64.jar:/home/rui/.m2/repository/org/bytedeco/javacpp/1.5.5/javacpp-1.5.5-ios-x86_64.jar:/home/rui/.m2/repository/org/bytedeco/javacpp/1.5.5/javacpp-1.5.5-linux-armhf.jar:/home/rui/.m2/repository/org/bytedeco/javacpp/1.5.5/javacpp-1.5.5-linux-arm64.jar:/home/rui/.m2/repository/org/bytedeco/javacpp/1.5.5/javacpp-1.5.5-linux-ppc64le.jar:/home/rui/.m2/repository/org/bytedeco/javacpp/1.5.5/javacpp-1.5.5-linux-x86.jar:/home/rui/.m2/repository/org/bytedeco/javacpp/1.5.5/javacpp-1.5.5-macosx-arm64.jar:/home/rui/.m2/repository/org/bytedeco/javacpp/1.5.5/javacpp-1.5.5-macosx-x86_64.jar:/home/rui/.m2/repository/org/bytedeco/javacpp/1.5.5/javacpp-1.5.5-windows-x86.jar:/home/rui/.m2/repository/org/bytedeco/javacpp/1.5.5/javacpp-1.5.5-windows-x86_64.jar:/home/rui/.m2/repository/org/bytedeco/openblas/0.3.13-1.5.5/openblas-0.3.13-1.5.5.jar:/home/rui/.m2/repository/org/bytedeco/openblas/0.3.13-1.5.5/openblas-0.3.13-1.5.5-android-arm.jar:/home/rui/.m2/repository/org/bytedeco/openblas/0.3.13-1.5.5/openblas-0.3.13-1.5.5-android-arm64.jar:/home/rui/.m2/repository/org/bytedeco/openblas/0.3.13-1.5.5/openblas-0.3.13-1.5.5-android-x86.jar:/home/rui/.m2/repository/org/bytedeco/openblas/0.3.13-1.5.5/openblas-0.3.13-1.5.5-android-x86_64.jar:/home/rui/.m2/repository/org/bytedeco/openblas/0.3.13-1.5.5/openblas-0.3.13-1.5.5-ios-arm64.jar:/home/rui/.m2/repository/org/bytedeco/openblas/0.3.13-1.5.5/openblas-0.3.13-1.5.5-ios-x86_64.jar:/home/rui/.m2/repository/org/bytedeco/openblas/0.3.13-1.5.5/openblas-0.3.13-1.5.5-linux-x86.jar:/home/rui/.m2/repository/org/bytedeco/openblas/0.3.13-1.5.5/openblas-0.3.13-1.5.5-linux-x86_64.jar:/home/rui/.m2/repository/org/bytedeco/openblas/0.3.13-1.5.5/openblas-0.3.13-1.5.5-linux-armhf.jar:/home/rui/.m2/repository/org/bytedeco/openblas/0.3.13-1.5.5/openblas-0.3.13-1.5.5-linux-arm64.jar:/home/rui/.m2/repository/org/bytedeco/openblas/0.3.13-1.5.5/openblas-0.3.13-1.5.5-linux-ppc64le.jar:/home/rui/.m2/repository/org/bytedeco/openblas/0.3.13-1.5.5/openblas-0.3.13-1.5.5-macosx-x86_64.jar:/home/rui/.m2/repository/org/bytedeco/openblas/0.3.13-1.5.5/openblas-0.3.13-1.5.5-windows-x86.jar:/home/rui/.m2/repository/org/bytedeco/openblas/0.3.13-1.5.5/openblas-0.3.13-1.5.5-windows-x86_64.jar:/home/rui/.m2/repository/org/bytedeco/mkl-platform/2021.1-1.5.5/mkl-platform-2021.1-1.5.5.jar:/home/rui/.m2/repository/org/bytedeco/mkl/2021.1-1.5.5/mkl-2021.1-1.5.5.jar:/home/rui/.m2/repository/org/bytedeco/mkl/2021.1-1.5.5/mkl-2021.1-1.5.5-linux-x86.jar:/home/rui/.m2/repository/org/bytedeco/mkl/2021.1-1.5.5/mkl-2021.1-1.5.5-linux-x86_64.jar:/home/rui/.m2/repository/org/bytedeco/mkl/2021.1-1.5.5/mkl-2021.1-1.5.5-macosx-x86_64.jar:/home/rui/.m2/repository/org/bytedeco/mkl/2021.1-1.5.5/mkl-2021.1-1.5.5-windows-x86.jar:/home/rui/.m2/repository/org/bytedeco/mkl/2021.1-1.5.5/mkl-2021.1-1.5.5-windows-x86_64.jar:/home/rui/.m2/repository/org/nd4j/nd4j-native/1.0.0-M1/nd4j-native-1.0.0-M1.jar:/home/rui/.m2/repository/org/bytedeco/javacpp/1.5.5/javacpp-1.5.5-linux-x86_64.jar:/home/rui/.m2/repository/org/nd4j/nd4j-native-preset/1.0.0-M1/nd4j-native-preset-1.0.0-M1.jar:/home/rui/.m2/repository/org/nd4j/nd4j-native-preset/1.0.0-M1/nd4j-native-preset-1.0.0-M1-linux-x86_64.jar:/home/rui/.m2/repository/org/nd4j/nd4j-native/1.0.0-M1/nd4j-native-1.0.0-M1-android-arm.jar:/home/rui/.m2/repository/org/nd4j/nd4j-native/1.0.0-M1/nd4j-native-1.0.0-M1-android-arm64.jar:/home/rui/.m2/repository/org/nd4j/nd4j-native/1.0.0-M1/nd4j-native-1.0.0-M1-android-x86.jar:/home/rui/.m2/repository/org/nd4j/nd4j-native/1.0.0-M1/nd4j-native-1.0.0-M1-android-x86_64.jar:/home/rui/.m2/repository/org/nd4j/nd4j-native/1.0.0-M1/nd4j-native-1.0.0-M1-linux-x86_64.jar:/home/rui/.m2/repository/org/nd4j/nd4j-native/1.0.0-M1/nd4j-native-1.0.0-M1-macosx-x86_64.jar:/home/rui/.m2/repository/org/nd4j/nd4j-native/1.0.0-M1/nd4j-native-1.0.0-M1-windows-x86_64.jar:/home/rui/.m2/repository/org/nd4j/nd4j-native/1.0.0-M1/nd4j-native-1.0.0-M1-linux-armhf.jar:/home/rui/.m2/repository/ch/qos/logback/logback-classic/1.4.5/logback-classic-1.4.5.jar:/home/rui/.m2/repository/ch/qos/logback/logback-core/1.4.5/logback-core-1.4.5.jar:/home/rui/.m2/repository/com/google/code/gson/gson/2.10.1/gson-2.10.1.jar:/home/rui/.m2/repository/org/slf4j/slf4j-simple/1.7.32/slf4j-simple-1.7.32.jar:"/>
    <property name="sun.cpu.endian" value="little"/>
    <property name="user.home" value="/home/rui"/>
    <property name="user.language" value="en"/>
    <property name="java.specification.vendor" value="Oracle Corporation"/>
    <property name="java.version.date" value="2024-07-16"/>
    <property name="java.home" value="/home/rui/.sdkman/candidates/java/21.0.4-amzn"/>
    <property name="file.separator" value="/"/>
    <property name="basedir" value="/home/rui/Desktop/TCC/app/cst-nn"/>
    <property name="java.vm.compressedOopsMode" value="Zero based"/>
    <property name="line.separator" value="&#10;"/>
    <property name="java.specification.name" value="Java Platform API Specification"/>
    <property name="java.vm.specification.vendor" value="Oracle Corporation"/>
    <property name="surefire.real.class.path" value="/home/rui/Desktop/TCC/app/cst-nn/target/surefire/surefirebooter-20241009202215389_3.jar"/>
    <property name="sun.management.compiler" value="HotSpot 64-Bit Tiered Compilers"/>
    <property name="java.runtime.version" value="21.0.4+7-LTS"/>
    <property name="user.name" value="rui"/>
    <property name="stdout.encoding" value="UTF-8"/>
    <property name="path.separator" value=":"/>
    <property name="os.version" value="6.8.0-45-generic"/>
    <property name="java.runtime.name" value="OpenJDK Runtime Environment"/>
    <property name="file.encoding" value="UTF-8"/>
    <property name="java.vm.name" value="OpenJDK 64-Bit Server VM"/>
    <property name="java.vendor.version" value="Corretto-21.0.4.7.1"/>
    <property name="localRepository" value="/home/rui/.m2/repository"/>
    <property name="java.vendor.url.bug" value="https://github.com/corretto/corretto-21/issues/"/>
    <property name="java.io.tmpdir" value="/tmp"/>
    <property name="java.version" value="21.0.4"/>
    <property name="user.dir" value="/home/rui/Desktop/TCC/app/cst-nn"/>
    <property name="os.arch" value="amd64"/>
    <property name="java.vm.specification.name" value="Java Virtual Machine Specification"/>
    <property name="native.encoding" value="UTF-8"/>
    <property name="java.library.path" value="/usr/java/packages/lib:/usr/lib64:/lib64:/lib:/usr/lib"/>
    <property name="java.vm.info" value="mixed mode, sharing"/>
    <property name="stderr.encoding" value="UTF-8"/>
    <property name="java.vendor" value="Amazon.com Inc."/>
    <property name="java.vm.version" value="21.0.4+7-LTS"/>
    <property name="sun.io.unicode.encoding" value="UnicodeLittle"/>
    <property name="java.class.version" value="65.0"/>
  </properties>
  <testcase name="testApp" classname="br.com.rsfot.AgentMindTest" time="0.002"/>
</testsuite>